[0.076s] DEBUG:colcon:Command line arguments: ['/usr/bin/colcon', 'build']
[0.076s] DEBUG:colcon:Parsed command line arguments: Namespace(log_base=None, log_level=None, verb_name='build', build_base='build', install_base='install', merge_install=False, symlink_install=False, test_result_base=None, continue_on_error=False, executor='parallel', parallel_workers=12, event_handlers=None, ignore_user_meta=False, metas=['./colcon.meta'], base_paths=['.'], packages_ignore=None, packages_ignore_regex=None, paths=None, packages_up_to=None, packages_up_to_regex=None, packages_above=None, packages_above_and_dependencies=None, packages_above_depth=None, packages_select_by_dep=None, packages_skip_by_dep=None, packages_skip_up_to=None, packages_select_build_failed=False, packages_skip_build_finished=False, packages_select_test_failures=False, packages_skip_test_passed=False, packages_select=None, packages_skip=None, packages_select_regex=None, packages_skip_regex=None, packages_start=None, packages_end=None, allow_overriding=[], cmake_args=None, cmake_target=None, cmake_target_skip_unavailable=False, cmake_clean_cache=False, cmake_clean_first=False, cmake_force_configure=False, ament_cmake_args=None, catkin_cmake_args=None, catkin_skip_building_tests=False, mixin_files=None, mixin=None, verb_parser=<colcon_mixin.mixin.mixin_argument.MixinArgumentDecorator object at 0x78d82efa0f20>, verb_extension=<colcon_core.verb.build.BuildVerb object at 0x78d82f0d5910>, main=<bound method BuildVerb.main of <colcon_core.verb.build.BuildVerb object at 0x78d82f0d5910>>, mixin_verb=('build',))
[0.102s] Level 1:colcon.colcon_core.package_discovery:discover_packages(colcon_meta) check parameters
[0.102s] Level 1:colcon.colcon_core.package_discovery:discover_packages(recursive) check parameters
[0.102s] Level 1:colcon.colcon_core.package_discovery:discover_packages(ignore) check parameters
[0.102s] Level 1:colcon.colcon_core.package_discovery:discover_packages(path) check parameters
[0.102s] Level 1:colcon.colcon_core.package_discovery:discover_packages(colcon_meta) discover
[0.102s] Level 1:colcon.colcon_core.package_discovery:discover_packages(recursive) discover
[0.103s] INFO:colcon.colcon_core.package_discovery:Crawling recursively for packages in '/home/daniel-robayo/ros2PeperProyect/src/rosPackage/urdf'
[0.103s] Level 1:colcon.colcon_core.package_identification:_identify(.) by extensions ['ignore', 'ignore_ament_install']
[0.103s] Level 1:colcon.colcon_core.package_identification:_identify(.) by extension 'ignore'
[0.103s] Level 1:colcon.colcon_core.package_identification:_identify(.) by extension 'ignore_ament_install'
[0.103s] Level 1:colcon.colcon_core.package_identification:_identify(.) by extensions ['colcon_pkg']
[0.103s] Level 1:colcon.colcon_core.package_identification:_identify(.) by extension 'colcon_pkg'
[0.103s] Level 1:colcon.colcon_core.package_identification:_identify(.) by extensions ['colcon_meta']
[0.103s] Level 1:colcon.colcon_core.package_identification:_identify(.) by extension 'colcon_meta'
[0.103s] Level 1:colcon.colcon_core.package_identification:_identify(.) by extensions ['ros']
[0.103s] Level 1:colcon.colcon_core.package_identification:_identify(.) by extension 'ros'
[0.121s] Level 1:colcon.colcon_core.package_identification:_identify(.) by extensions ['cmake', 'python']
[0.121s] Level 1:colcon.colcon_core.package_identification:_identify(.) by extension 'cmake'
[0.121s] Level 1:colcon.colcon_core.package_identification:_identify(.) by extension 'python'
[0.121s] Level 1:colcon.colcon_core.package_identification:_identify(.) by extensions ['python_setup_py']
[0.121s] Level 1:colcon.colcon_core.package_identification:_identify(.) by extension 'python_setup_py'
[0.121s] Level 1:colcon.colcon_core.package_identification:_identify(build) by extensions ['ignore', 'ignore_ament_install']
[0.121s] Level 1:colcon.colcon_core.package_identification:_identify(build) by extension 'ignore'
[0.121s] Level 1:colcon.colcon_core.package_identification:_identify(build) ignored
[0.121s] Level 1:colcon.colcon_core.package_identification:_identify(install) by extensions ['ignore', 'ignore_ament_install']
[0.121s] Level 1:colcon.colcon_core.package_identification:_identify(install) by extension 'ignore'
[0.121s] Level 1:colcon.colcon_core.package_identification:_identify(install) ignored
[0.121s] Level 1:colcon.colcon_core.package_identification:_identify(log) by extensions ['ignore', 'ignore_ament_install']
[0.121s] Level 1:colcon.colcon_core.package_identification:_identify(log) by extension 'ignore'
[0.121s] Level 1:colcon.colcon_core.package_identification:_identify(log) ignored
[0.121s] Level 1:colcon.colcon_core.package_identification:_identify(peperParts) by extensions ['ignore', 'ignore_ament_install']
[0.121s] Level 1:colcon.colcon_core.package_identification:_identify(peperParts) by extension 'ignore'
[0.121s] Level 1:colcon.colcon_core.package_identification:_identify(peperParts) by extension 'ignore_ament_install'
[0.121s] Level 1:colcon.colcon_core.package_identification:_identify(peperParts) by extensions ['colcon_pkg']
[0.121s] Level 1:colcon.colcon_core.package_identification:_identify(peperParts) by extension 'colcon_pkg'
[0.121s] Level 1:colcon.colcon_core.package_identification:_identify(peperParts) by extensions ['colcon_meta']
[0.121s] Level 1:colcon.colcon_core.package_identification:_identify(peperParts) by extension 'colcon_meta'
[0.121s] Level 1:colcon.colcon_core.package_identification:_identify(peperParts) by extensions ['ros']
[0.121s] Level 1:colcon.colcon_core.package_identification:_identify(peperParts) by extension 'ros'
[0.121s] Level 1:colcon.colcon_core.package_identification:_identify(peperParts) by extensions ['cmake', 'python']
[0.122s] Level 1:colcon.colcon_core.package_identification:_identify(peperParts) by extension 'cmake'
[0.122s] Level 1:colcon.colcon_core.package_identification:_identify(peperParts) by extension 'python'
[0.122s] Level 1:colcon.colcon_core.package_identification:_identify(peperParts) by extensions ['python_setup_py']
[0.122s] Level 1:colcon.colcon_core.package_identification:_identify(peperParts) by extension 'python_setup_py'
[0.122s] Level 1:colcon.colcon_core.package_identification:_identify(peperParts/assets) by extensions ['ignore', 'ignore_ament_install']
[0.122s] Level 1:colcon.colcon_core.package_identification:_identify(peperParts/assets) by extension 'ignore'
[0.122s] Level 1:colcon.colcon_core.package_identification:_identify(peperParts/assets) by extension 'ignore_ament_install'
[0.122s] Level 1:colcon.colcon_core.package_identification:_identify(peperParts/assets) by extensions ['colcon_pkg']
[0.122s] Level 1:colcon.colcon_core.package_identification:_identify(peperParts/assets) by extension 'colcon_pkg'
[0.122s] Level 1:colcon.colcon_core.package_identification:_identify(peperParts/assets) by extensions ['colcon_meta']
[0.122s] Level 1:colcon.colcon_core.package_identification:_identify(peperParts/assets) by extension 'colcon_meta'
[0.122s] Level 1:colcon.colcon_core.package_identification:_identify(peperParts/assets) by extensions ['ros']
[0.122s] Level 1:colcon.colcon_core.package_identification:_identify(peperParts/assets) by extension 'ros'
[0.122s] Level 1:colcon.colcon_core.package_identification:_identify(peperParts/assets) by extensions ['cmake', 'python']
[0.122s] Level 1:colcon.colcon_core.package_identification:_identify(peperParts/assets) by extension 'cmake'
[0.122s] Level 1:colcon.colcon_core.package_identification:_identify(peperParts/assets) by extension 'python'
[0.122s] Level 1:colcon.colcon_core.package_identification:_identify(peperParts/assets) by extensions ['python_setup_py']
[0.122s] Level 1:colcon.colcon_core.package_identification:_identify(peperParts/assets) by extension 'python_setup_py'
[0.122s] Level 1:colcon.colcon_core.package_identification:_identify(peperParts/assets/materials) by extensions ['ignore', 'ignore_ament_install']
[0.122s] Level 1:colcon.colcon_core.package_identification:_identify(peperParts/assets/materials) by extension 'ignore'
[0.122s] Level 1:colcon.colcon_core.package_identification:_identify(peperParts/assets/materials) by extension 'ignore_ament_install'
[0.122s] Level 1:colcon.colcon_core.package_identification:_identify(peperParts/assets/materials) by extensions ['colcon_pkg']
[0.122s] Level 1:colcon.colcon_core.package_identification:_identify(peperParts/assets/materials) by extension 'colcon_pkg'
[0.122s] Level 1:colcon.colcon_core.package_identification:_identify(peperParts/assets/materials) by extensions ['colcon_meta']
[0.122s] Level 1:colcon.colcon_core.package_identification:_identify(peperParts/assets/materials) by extension 'colcon_meta'
[0.122s] Level 1:colcon.colcon_core.package_identification:_identify(peperParts/assets/materials) by extensions ['ros']
[0.122s] Level 1:colcon.colcon_core.package_identification:_identify(peperParts/assets/materials) by extension 'ros'
[0.122s] Level 1:colcon.colcon_core.package_identification:_identify(peperParts/assets/materials) by extensions ['cmake', 'python']
[0.122s] Level 1:colcon.colcon_core.package_identification:_identify(peperParts/assets/materials) by extension 'cmake'
[0.122s] Level 1:colcon.colcon_core.package_identification:_identify(peperParts/assets/materials) by extension 'python'
[0.122s] Level 1:colcon.colcon_core.package_identification:_identify(peperParts/assets/materials) by extensions ['python_setup_py']
[0.122s] Level 1:colcon.colcon_core.package_identification:_identify(peperParts/assets/materials) by extension 'python_setup_py'
[0.122s] Level 1:colcon.colcon_core.package_identification:_identify(peperParts/assets/materials/black_metal_pain_9c7bbe9e-6c64-4d8e-99b9-8384cdce1d33) by extensions ['ignore', 'ignore_ament_install']
[0.122s] Level 1:colcon.colcon_core.package_identification:_identify(peperParts/assets/materials/black_metal_pain_9c7bbe9e-6c64-4d8e-99b9-8384cdce1d33) by extension 'ignore'
[0.123s] Level 1:colcon.colcon_core.package_identification:_identify(peperParts/assets/materials/black_metal_pain_9c7bbe9e-6c64-4d8e-99b9-8384cdce1d33) by extension 'ignore_ament_install'
[0.123s] Level 1:colcon.colcon_core.package_identification:_identify(peperParts/assets/materials/black_metal_pain_9c7bbe9e-6c64-4d8e-99b9-8384cdce1d33) by extensions ['colcon_pkg']
[0.123s] Level 1:colcon.colcon_core.package_identification:_identify(peperParts/assets/materials/black_metal_pain_9c7bbe9e-6c64-4d8e-99b9-8384cdce1d33) by extension 'colcon_pkg'
[0.123s] Level 1:colcon.colcon_core.package_identification:_identify(peperParts/assets/materials/black_metal_pain_9c7bbe9e-6c64-4d8e-99b9-8384cdce1d33) by extensions ['colcon_meta']
[0.123s] Level 1:colcon.colcon_core.package_identification:_identify(peperParts/assets/materials/black_metal_pain_9c7bbe9e-6c64-4d8e-99b9-8384cdce1d33) by extension 'colcon_meta'
[0.123s] Level 1:colcon.colcon_core.package_identification:_identify(peperParts/assets/materials/black_metal_pain_9c7bbe9e-6c64-4d8e-99b9-8384cdce1d33) by extensions ['ros']
[0.123s] Level 1:colcon.colcon_core.package_identification:_identify(peperParts/assets/materials/black_metal_pain_9c7bbe9e-6c64-4d8e-99b9-8384cdce1d33) by extension 'ros'
[0.123s] Level 1:colcon.colcon_core.package_identification:_identify(peperParts/assets/materials/black_metal_pain_9c7bbe9e-6c64-4d8e-99b9-8384cdce1d33) by extensions ['cmake', 'python']
[0.123s] Level 1:colcon.colcon_core.package_identification:_identify(peperParts/assets/materials/black_metal_pain_9c7bbe9e-6c64-4d8e-99b9-8384cdce1d33) by extension 'cmake'
[0.123s] Level 1:colcon.colcon_core.package_identification:_identify(peperParts/assets/materials/black_metal_pain_9c7bbe9e-6c64-4d8e-99b9-8384cdce1d33) by extension 'python'
[0.123s] Level 1:colcon.colcon_core.package_identification:_identify(peperParts/assets/materials/black_metal_pain_9c7bbe9e-6c64-4d8e-99b9-8384cdce1d33) by extensions ['python_setup_py']
[0.123s] Level 1:colcon.colcon_core.package_identification:_identify(peperParts/assets/materials/black_metal_pain_9c7bbe9e-6c64-4d8e-99b9-8384cdce1d33) by extension 'python_setup_py'
[0.123s] Level 1:colcon.colcon_core.package_identification:_identify(peperParts/assets/materials/gray_white_plast_8d672c34-cffc-4f46-8854-ba4d16bdc7cf) by extensions ['ignore', 'ignore_ament_install']
[0.123s] Level 1:colcon.colcon_core.package_identification:_identify(peperParts/assets/materials/gray_white_plast_8d672c34-cffc-4f46-8854-ba4d16bdc7cf) by extension 'ignore'
[0.123s] Level 1:colcon.colcon_core.package_identification:_identify(peperParts/assets/materials/gray_white_plast_8d672c34-cffc-4f46-8854-ba4d16bdc7cf) by extension 'ignore_ament_install'
[0.123s] Level 1:colcon.colcon_core.package_identification:_identify(peperParts/assets/materials/gray_white_plast_8d672c34-cffc-4f46-8854-ba4d16bdc7cf) by extensions ['colcon_pkg']
[0.123s] Level 1:colcon.colcon_core.package_identification:_identify(peperParts/assets/materials/gray_white_plast_8d672c34-cffc-4f46-8854-ba4d16bdc7cf) by extension 'colcon_pkg'
[0.123s] Level 1:colcon.colcon_core.package_identification:_identify(peperParts/assets/materials/gray_white_plast_8d672c34-cffc-4f46-8854-ba4d16bdc7cf) by extensions ['colcon_meta']
[0.123s] Level 1:colcon.colcon_core.package_identification:_identify(peperParts/assets/materials/gray_white_plast_8d672c34-cffc-4f46-8854-ba4d16bdc7cf) by extension 'colcon_meta'
[0.123s] Level 1:colcon.colcon_core.package_identification:_identify(peperParts/assets/materials/gray_white_plast_8d672c34-cffc-4f46-8854-ba4d16bdc7cf) by extensions ['ros']
[0.123s] Level 1:colcon.colcon_core.package_identification:_identify(peperParts/assets/materials/gray_white_plast_8d672c34-cffc-4f46-8854-ba4d16bdc7cf) by extension 'ros'
[0.123s] Level 1:colcon.colcon_core.package_identification:_identify(peperParts/assets/materials/gray_white_plast_8d672c34-cffc-4f46-8854-ba4d16bdc7cf) by extensions ['cmake', 'python']
[0.123s] Level 1:colcon.colcon_core.package_identification:_identify(peperParts/assets/materials/gray_white_plast_8d672c34-cffc-4f46-8854-ba4d16bdc7cf) by extension 'cmake'
[0.123s] Level 1:colcon.colcon_core.package_identification:_identify(peperParts/assets/materials/gray_white_plast_8d672c34-cffc-4f46-8854-ba4d16bdc7cf) by extension 'python'
[0.123s] Level 1:colcon.colcon_core.package_identification:_identify(peperParts/assets/materials/gray_white_plast_8d672c34-cffc-4f46-8854-ba4d16bdc7cf) by extensions ['python_setup_py']
[0.123s] Level 1:colcon.colcon_core.package_identification:_identify(peperParts/assets/materials/gray_white_plast_8d672c34-cffc-4f46-8854-ba4d16bdc7cf) by extension 'python_setup_py'
[0.123s] Level 1:colcon.colcon_core.package_identification:_identify(peperParts/assets/materials/paper_5e543912-30e5-4c18-8eb2-c249bc925032) by extensions ['ignore', 'ignore_ament_install']
[0.123s] Level 1:colcon.colcon_core.package_identification:_identify(peperParts/assets/materials/paper_5e543912-30e5-4c18-8eb2-c249bc925032) by extension 'ignore'
[0.123s] Level 1:colcon.colcon_core.package_identification:_identify(peperParts/assets/materials/paper_5e543912-30e5-4c18-8eb2-c249bc925032) by extension 'ignore_ament_install'
[0.123s] Level 1:colcon.colcon_core.package_identification:_identify(peperParts/assets/materials/paper_5e543912-30e5-4c18-8eb2-c249bc925032) by extensions ['colcon_pkg']
[0.123s] Level 1:colcon.colcon_core.package_identification:_identify(peperParts/assets/materials/paper_5e543912-30e5-4c18-8eb2-c249bc925032) by extension 'colcon_pkg'
[0.123s] Level 1:colcon.colcon_core.package_identification:_identify(peperParts/assets/materials/paper_5e543912-30e5-4c18-8eb2-c249bc925032) by extensions ['colcon_meta']
[0.123s] Level 1:colcon.colcon_core.package_identification:_identify(peperParts/assets/materials/paper_5e543912-30e5-4c18-8eb2-c249bc925032) by extension 'colcon_meta'
[0.123s] Level 1:colcon.colcon_core.package_identification:_identify(peperParts/assets/materials/paper_5e543912-30e5-4c18-8eb2-c249bc925032) by extensions ['ros']
[0.123s] Level 1:colcon.colcon_core.package_identification:_identify(peperParts/assets/materials/paper_5e543912-30e5-4c18-8eb2-c249bc925032) by extension 'ros'
[0.124s] Level 1:colcon.colcon_core.package_identification:_identify(peperParts/assets/materials/paper_5e543912-30e5-4c18-8eb2-c249bc925032) by extensions ['cmake', 'python']
[0.124s] Level 1:colcon.colcon_core.package_identification:_identify(peperParts/assets/materials/paper_5e543912-30e5-4c18-8eb2-c249bc925032) by extension 'cmake'
[0.124s] Level 1:colcon.colcon_core.package_identification:_identify(peperParts/assets/materials/paper_5e543912-30e5-4c18-8eb2-c249bc925032) by extension 'python'
[0.124s] Level 1:colcon.colcon_core.package_identification:_identify(peperParts/assets/materials/paper_5e543912-30e5-4c18-8eb2-c249bc925032) by extensions ['python_setup_py']
[0.124s] Level 1:colcon.colcon_core.package_identification:_identify(peperParts/assets/materials/paper_5e543912-30e5-4c18-8eb2-c249bc925032) by extension 'python_setup_py'
[0.124s] Level 1:colcon.colcon_core.package_identification:_identify(peperParts/assets/materials/plastic_846d5b2c-0936-469f-b480-35d003eca0d8) by extensions ['ignore', 'ignore_ament_install']
[0.124s] Level 1:colcon.colcon_core.package_identification:_identify(peperParts/assets/materials/plastic_846d5b2c-0936-469f-b480-35d003eca0d8) by extension 'ignore'
[0.124s] Level 1:colcon.colcon_core.package_identification:_identify(peperParts/assets/materials/plastic_846d5b2c-0936-469f-b480-35d003eca0d8) by extension 'ignore_ament_install'
[0.124s] Level 1:colcon.colcon_core.package_identification:_identify(peperParts/assets/materials/plastic_846d5b2c-0936-469f-b480-35d003eca0d8) by extensions ['colcon_pkg']
[0.124s] Level 1:colcon.colcon_core.package_identification:_identify(peperParts/assets/materials/plastic_846d5b2c-0936-469f-b480-35d003eca0d8) by extension 'colcon_pkg'
[0.124s] Level 1:colcon.colcon_core.package_identification:_identify(peperParts/assets/materials/plastic_846d5b2c-0936-469f-b480-35d003eca0d8) by extensions ['colcon_meta']
[0.124s] Level 1:colcon.colcon_core.package_identification:_identify(peperParts/assets/materials/plastic_846d5b2c-0936-469f-b480-35d003eca0d8) by extension 'colcon_meta'
[0.124s] Level 1:colcon.colcon_core.package_identification:_identify(peperParts/assets/materials/plastic_846d5b2c-0936-469f-b480-35d003eca0d8) by extensions ['ros']
[0.124s] Level 1:colcon.colcon_core.package_identification:_identify(peperParts/assets/materials/plastic_846d5b2c-0936-469f-b480-35d003eca0d8) by extension 'ros'
[0.124s] Level 1:colcon.colcon_core.package_identification:_identify(peperParts/assets/materials/plastic_846d5b2c-0936-469f-b480-35d003eca0d8) by extensions ['cmake', 'python']
[0.124s] Level 1:colcon.colcon_core.package_identification:_identify(peperParts/assets/materials/plastic_846d5b2c-0936-469f-b480-35d003eca0d8) by extension 'cmake'
[0.124s] Level 1:colcon.colcon_core.package_identification:_identify(peperParts/assets/materials/plastic_846d5b2c-0936-469f-b480-35d003eca0d8) by extension 'python'
[0.124s] Level 1:colcon.colcon_core.package_identification:_identify(peperParts/assets/materials/plastic_846d5b2c-0936-469f-b480-35d003eca0d8) by extensions ['python_setup_py']
[0.124s] Level 1:colcon.colcon_core.package_identification:_identify(peperParts/assets/materials/plastic_846d5b2c-0936-469f-b480-35d003eca0d8) by extension 'python_setup_py'
[0.124s] Level 1:colcon.colcon_core.package_identification:_identify(peperParts/assets/materials/wood_4a3f386c-fc55-4a7d-914b-ec320360598c) by extensions ['ignore', 'ignore_ament_install']
[0.124s] Level 1:colcon.colcon_core.package_identification:_identify(peperParts/assets/materials/wood_4a3f386c-fc55-4a7d-914b-ec320360598c) by extension 'ignore'
[0.124s] Level 1:colcon.colcon_core.package_identification:_identify(peperParts/assets/materials/wood_4a3f386c-fc55-4a7d-914b-ec320360598c) by extension 'ignore_ament_install'
[0.124s] Level 1:colcon.colcon_core.package_identification:_identify(peperParts/assets/materials/wood_4a3f386c-fc55-4a7d-914b-ec320360598c) by extensions ['colcon_pkg']
[0.124s] Level 1:colcon.colcon_core.package_identification:_identify(peperParts/assets/materials/wood_4a3f386c-fc55-4a7d-914b-ec320360598c) by extension 'colcon_pkg'
[0.124s] Level 1:colcon.colcon_core.package_identification:_identify(peperParts/assets/materials/wood_4a3f386c-fc55-4a7d-914b-ec320360598c) by extensions ['colcon_meta']
[0.124s] Level 1:colcon.colcon_core.package_identification:_identify(peperParts/assets/materials/wood_4a3f386c-fc55-4a7d-914b-ec320360598c) by extension 'colcon_meta'
[0.124s] Level 1:colcon.colcon_core.package_identification:_identify(peperParts/assets/materials/wood_4a3f386c-fc55-4a7d-914b-ec320360598c) by extensions ['ros']
[0.124s] Level 1:colcon.colcon_core.package_identification:_identify(peperParts/assets/materials/wood_4a3f386c-fc55-4a7d-914b-ec320360598c) by extension 'ros'
[0.124s] Level 1:colcon.colcon_core.package_identification:_identify(peperParts/assets/materials/wood_4a3f386c-fc55-4a7d-914b-ec320360598c) by extensions ['cmake', 'python']
[0.124s] Level 1:colcon.colcon_core.package_identification:_identify(peperParts/assets/materials/wood_4a3f386c-fc55-4a7d-914b-ec320360598c) by extension 'cmake'
[0.124s] Level 1:colcon.colcon_core.package_identification:_identify(peperParts/assets/materials/wood_4a3f386c-fc55-4a7d-914b-ec320360598c) by extension 'python'
[0.124s] Level 1:colcon.colcon_core.package_identification:_identify(peperParts/assets/materials/wood_4a3f386c-fc55-4a7d-914b-ec320360598c) by extensions ['python_setup_py']
[0.124s] Level 1:colcon.colcon_core.package_identification:_identify(peperParts/assets/materials/wood_4a3f386c-fc55-4a7d-914b-ec320360598c) by extension 'python_setup_py'
[0.124s] Level 1:colcon.colcon_core.package_discovery:discover_packages(recursive) using defaults
[0.124s] Level 1:colcon.colcon_core.package_discovery:discover_packages(ignore) discover
[0.124s] Level 1:colcon.colcon_core.package_discovery:discover_packages(ignore) using defaults
[0.124s] Level 1:colcon.colcon_core.package_discovery:discover_packages(path) discover
[0.125s] Level 1:colcon.colcon_core.package_discovery:discover_packages(path) using defaults
[0.137s] Level 1:colcon.colcon_core.package_discovery:discover_packages(prefix_path) check parameters
[0.137s] Level 1:colcon.colcon_core.package_discovery:discover_packages(prefix_path) discover
[0.138s] DEBUG:colcon.colcon_installed_package_information.package_discovery:Found 2 installed packages in /home/daniel-robayo/ros2PeperProyect/install
[0.139s] DEBUG:colcon.colcon_installed_package_information.package_discovery:Found 315 installed packages in /opt/ros/jazzy
[0.140s] Level 1:colcon.colcon_core.package_discovery:discover_packages(prefix_path) using defaults
[0.172s] INFO:colcon.colcon_core.executor:Executing jobs using 'parallel' executor
[0.172s] DEBUG:colcon.colcon_parallel_executor.executor.parallel:run_until_complete
[0.172s] DEBUG:colcon.colcon_parallel_executor.executor.parallel:closing loop
[0.172s] DEBUG:colcon.colcon_parallel_executor.executor.parallel:loop closed
[0.173s] DEBUG:colcon.colcon_parallel_executor.executor.parallel:run_until_complete finished with '0'
[0.173s] DEBUG:colcon.colcon_core.event_reactor:joining thread
[0.176s] INFO:colcon.colcon_core.plugin_system:Skipping extension 'colcon_notification.desktop_notification.terminal_notifier': Not used on non-Darwin systems
[0.176s] INFO:colcon.colcon_core.plugin_system:Skipping extension 'colcon_notification.desktop_notification.win32': Not used on non-Windows systems
[0.176s] INFO:colcon.colcon_notification.desktop_notification:Sending desktop notification using 'notify2'
[0.187s] DEBUG:colcon.colcon_core.event_reactor:joined thread
[0.188s] INFO:colcon.colcon_core.plugin_system:Skipping extension 'colcon_core.shell.bat': Not used on non-Windows systems
[0.188s] INFO:colcon.colcon_core.shell:Creating prefix script '/home/daniel-robayo/ros2PeperProyect/src/rosPackage/urdf/install/local_setup.ps1'
[0.189s] INFO:colcon.colcon_core.shell:Creating prefix util module '/home/daniel-robayo/ros2PeperProyect/src/rosPackage/urdf/install/_local_setup_util_ps1.py'
[0.190s] INFO:colcon.colcon_core.shell:Creating prefix chain script '/home/daniel-robayo/ros2PeperProyect/src/rosPackage/urdf/install/setup.ps1'
[0.190s] INFO:colcon.colcon_core.shell:Creating prefix script '/home/daniel-robayo/ros2PeperProyect/src/rosPackage/urdf/install/local_setup.sh'
[0.191s] INFO:colcon.colcon_core.shell:Creating prefix util module '/home/daniel-robayo/ros2PeperProyect/src/rosPackage/urdf/install/_local_setup_util_sh.py'
[0.191s] INFO:colcon.colcon_core.shell:Creating prefix chain script '/home/daniel-robayo/ros2PeperProyect/src/rosPackage/urdf/install/setup.sh'
[0.192s] INFO:colcon.colcon_core.shell:Creating prefix script '/home/daniel-robayo/ros2PeperProyect/src/rosPackage/urdf/install/local_setup.bash'
[0.192s] INFO:colcon.colcon_core.shell:Creating prefix chain script '/home/daniel-robayo/ros2PeperProyect/src/rosPackage/urdf/install/setup.bash'
[0.193s] INFO:colcon.colcon_core.shell:Creating prefix script '/home/daniel-robayo/ros2PeperProyect/src/rosPackage/urdf/install/local_setup.zsh'
[0.193s] INFO:colcon.colcon_core.shell:Creating prefix chain script '/home/daniel-robayo/ros2PeperProyect/src/rosPackage/urdf/install/setup.zsh'
